<?xml version="1.0" encoding="UTF-8"?>
<testsuite xmlns:xsi="http://www.w3.org/2001/XMLSchema-instance" xsi:noNamespaceSchemaLocation="https://maven.apache.org/surefire/maven-surefire-plugin/xsd/surefire-test-report-3.0.xsd" version="3.0" name="dev.farhan.movies.MoviesApplicationTests" time="23.815" tests="1" errors="0" skipped="0" failures="0">
  <properties>
[...]
</properties>
  <testcase name="contextLoads" classname="dev.farhan.movies.MoviesApplicationTests" time="3.529">
    <system-out><![CDATA[01:41:50.820 [main] INFO org.springframework.test.context.support.AnnotationConfigContextLoaderUtils -- Could not detect default configuration classes for test class [dev.farhan.movies.MoviesApplicationTests]: MoviesApplicationTests does not declare any static, non-private, non-final, nested classes annotated with @Configuration.
01:41:52.185 [main] INFO org.springframework.boot.test.context.SpringBootTestContextBootstrapper -- Found @SpringBootConfiguration dev.farhan.movies.MoviesApplication for test class dev.farhan.movies.MoviesApplicationTests

  .   ____          _            __ _ _
 /\\ / ___'_ __ _ _(_)_ __  __ _ \ \ \ \
( ( )\___ | '_ | '_| | '_ \/ _` | \ \ \ \
 \\/  ___)| |_)| | | | | || (_| |  ) ) ) )
  '  |____| .__|_| |_|_| |_\__, | / / / /
 =========|_|==============|___/=/_/_/_/
 :: Spring Boot ::                (v3.1.3)

2023-09-02T01:41:56.029+08:00  INFO 2124 --- [           main] m.p.springdotenv.DotenvPropertySource    : Initializing Dotenv with DotenvConfig{directory=null, filename=null, ignoreIfMalformed=false, ignoreIfMissing=true, systemProperties=false, prefix=null}
2023-09-02T01:41:56.132+08:00  INFO 2124 --- [           main] d.farhan.movies.MoviesApplicationTests   : Starting MoviesApplicationTests using Java 20.0.1 with PID 2124 (started by Axol Nania in D:\Coding Projects\mongo_sb_react\movies)
2023-09-02T01:41:56.133+08:00  INFO 2124 --- [           main] d.farhan.movies.MoviesApplicationTests   : No active profile set, falling back to 1 default profile: "default"
2023-09-02T01:42:00.307+08:00  INFO 2124 --- [           main] .s.d.r.c.RepositoryConfigurationDelegate : Bootstrapping Spring Data MongoDB repositories in DEFAULT mode.
2023-09-02T01:42:00.519+08:00  INFO 2124 --- [           main] .s.d.r.c.RepositoryConfigurationDelegate : Finished Spring Data repository scanning in 185 ms. Found 2 MongoDB repository interfaces.
2023-09-02T01:42:03.129+08:00  INFO 2124 --- [           main] org.mongodb.driver.client                : MongoClient with metadata {"driver": {"name": "mongo-java-driver|sync|spring-boot", "version": "4.9.1"}, "os": {"type": "Windows", "name": "Windows 10", "architecture": "amd64", "version": "10.0"}, "platform": "Java/Oracle Corporation/20.0.1+9-29"} created with settings MongoClientSettings{readPreference=primary, writeConcern=WriteConcern{w=null, wTimeout=null ms, journal=null}, retryWrites=true, retryReads=true, readConcern=ReadConcern{level=null}, credential=MongoCredential{mechanism=null, userName='root', source='admin', password=<hidden>, mechanismProperties=<hidden>}, streamFactoryFactory=null, commandListeners=[], codecRegistry=ProvidersCodecRegistry{codecProviders=[ValueCodecProvider{}, BsonValueCodecProvider{}, DBRefCodecProvider{}, DBObjectCodecProvider{}, DocumentCodecProvider{}, CollectionCodecProvider{}, IterableCodecProvider{}, MapCodecProvider{}, GeoJsonCodecProvider{}, GridFSFileCodecProvider{}, Jsr310CodecProvider{}, JsonObjectCodecProvider{}, BsonCodecProvider{}, EnumCodecProvider{}, com.mongodb.client.model.mql.ExpressionCodecProvider@1668919e, com.mongodb.Jep395RecordCodecProvider@63300c4b]}, loggerSettings=LoggerSettings{maxDocumentLength=1000}, clusterSettings={hosts=[127.0.0.1:27017], srvHost=cluster0.ytfygq2.mongodb.net, srvServiceName=mongodb, mode=MULTIPLE, requiredClusterType=REPLICA_SET, requiredReplicaSetName='atlas-qhg5c2-shard-0', serverSelector='null', clusterListeners='[]', serverSelectionTimeout='30000 ms', localThreshold='30000 ms'}, socketSettings=SocketSettings{connectTimeoutMS=10000, readTimeoutMS=0, receiveBufferSize=0, sendBufferSize=0}, heartbeatSocketSettings=SocketSettings{connectTimeoutMS=10000, readTimeoutMS=10000, receiveBufferSize=0, sendBufferSize=0}, connectionPoolSettings=ConnectionPoolSettings{maxSize=100, minSize=0, maxWaitTimeMS=120000, maxConnectionLifeTimeMS=0, maxConnectionIdleTimeMS=0, maintenanceInitialDelayMS=0, maintenanceFrequencyMS=60000, connectionPoolListeners=[], maxConnecting=2}, serverSettings=ServerSettings{heartbeatFrequencyMS=10000, minHeartbeatFrequencyMS=500, serverListeners='[]', serverMonitorListeners='[]'}, sslSettings=SslSettings{enabled=true, invalidHostNameAllowed=false, context=null}, applicationName='null', compressorList=[], uuidRepresentation=JAVA_LEGACY, serverApi=null, autoEncryptionSettings=null, contextProvider=null}
2023-09-02T01:42:03.421+08:00  INFO 2124 --- [gq2.mongodb.net] org.mongodb.driver.cluster               : Adding discovered server ac-kmlffm8-shard-00-02.ytfygq2.mongodb.net:27017 to client view of cluster
2023-09-02T01:42:03.776+08:00  INFO 2124 --- [gq2.mongodb.net] org.mongodb.driver.cluster               : Adding discovered server ac-kmlffm8-shard-00-00.ytfygq2.mongodb.net:27017 to client view of cluster
2023-09-02T01:42:03.778+08:00  INFO 2124 --- [gq2.mongodb.net] org.mongodb.driver.cluster               : Adding discovered server ac-kmlffm8-shard-00-01.ytfygq2.mongodb.net:27017 to client view of cluster
2023-09-02T01:42:06.336+08:00  INFO 2124 --- [ngodb.net:27017] org.mongodb.driver.cluster               : Monitor thread successfully connected to server with description ServerDescription{address=ac-kmlffm8-shard-00-01.ytfygq2.mongodb.net:27017, type=REPLICA_SET_SECONDARY, state=CONNECTED, ok=true, minWireVersion=0, maxWireVersion=17, maxDocumentSize=16777216, logicalSessionTimeoutMinutes=30, roundTripTimeNanos=1008449700, setName='atlas-qhg5c2-shard-0', canonicalAddress=ac-kmlffm8-shard-00-01.ytfygq2.mongodb.net:27017, hosts=[ac-kmlffm8-shard-00-00.ytfygq2.mongodb.net:27017, ac-kmlffm8-shard-00-02.ytfygq2.mongodb.net:27017, ac-kmlffm8-shard-00-01.ytfygq2.mongodb.net:27017], passives=[], arbiters=[], primary='ac-kmlffm8-shard-00-02.ytfygq2.mongodb.net:27017', tagSet=TagSet{[Tag{name='nodeType', value='ELECTABLE'}, Tag{name='provider', value='AZURE'}, Tag{name='region', value='ASIA_EAST'}, Tag{name='workloadType', value='OPERATIONAL'}]}, electionId=null, setVersion=8, topologyVersion=TopologyVersion{processId=64eecc1b8c2f745a5a771b16, counter=3}, lastWriteDate=Sat Sep 02 01:43:35 CST 2023, lastUpdateTimeNanos=2150207043900}
2023-09-02T01:42:06.342+08:00  INFO 2124 --- [ngodb.net:27017] org.mongodb.driver.cluster               : Monitor thread successfully connected to server with description ServerDescription{address=ac-kmlffm8-shard-00-02.ytfygq2.mongodb.net:27017, type=REPLICA_SET_PRIMARY, state=CONNECTED, ok=true, minWireVersion=0, maxWireVersion=17, maxDocumentSize=16777216, logicalSessionTimeoutMinutes=30, roundTripTimeNanos=1006544400, setName='atlas-qhg5c2-shard-0', canonicalAddress=ac-kmlffm8-shard-00-02.ytfygq2.mongodb.net:27017, hosts=[ac-kmlffm8-shard-00-00.ytfygq2.mongodb.net:27017, ac-kmlffm8-shard-00-02.ytfygq2.mongodb.net:27017, ac-kmlffm8-shard-00-01.ytfygq2.mongodb.net:27017], passives=[], arbiters=[], primary='ac-kmlffm8-shard-00-02.ytfygq2.mongodb.net:27017', tagSet=TagSet{[Tag{name='nodeType', value='ELECTABLE'}, Tag{name='provider', value='AZURE'}, Tag{name='region', value='ASIA_EAST'}, Tag{name='workloadType', value='OPERATIONAL'}]}, electionId=7fffffff00000000000000ac, setVersion=8, topologyVersion=TopologyVersion{processId=64df8a1aea5dc9ea1b2fa448, counter=6}, lastWriteDate=Sat Sep 02 01:43:35 CST 2023, lastUpdateTimeNanos=2150207919399}
2023-09-02T01:42:06.343+08:00  INFO 2124 --- [ngodb.net:27017] org.mongodb.driver.cluster               : Monitor thread successfully connected to server with description ServerDescription{address=ac-kmlffm8-shard-00-00.ytfygq2.mongodb.net:27017, type=REPLICA_SET_SECONDARY, state=CONNECTED, ok=true, minWireVersion=0, maxWireVersion=17, maxDocumentSize=16777216, logicalSessionTimeoutMinutes=30, roundTripTimeNanos=1029936400, setName='atlas-qhg5c2-shard-0', canonicalAddress=ac-kmlffm8-shard-00-00.ytfygq2.mongodb.net:27017, hosts=[ac-kmlffm8-shard-00-00.ytfygq2.mongodb.net:27017, ac-kmlffm8-shard-00-02.ytfygq2.mongodb.net:27017, ac-kmlffm8-shard-00-01.ytfygq2.mongodb.net:27017], passives=[], arbiters=[], primary='ac-kmlffm8-shard-00-02.ytfygq2.mongodb.net:27017', tagSet=TagSet{[Tag{name='nodeType', value='ELECTABLE'}, Tag{name='provider', value='AZURE'}, Tag{name='region', value='ASIA_EAST'}, Tag{name='workloadType', value='OPERATIONAL'}]}, electionId=null, setVersion=8, topologyVersion=TopologyVersion{processId=64ede8a70c4c475d46f54936, counter=3}, lastWriteDate=Sat Sep 02 01:43:35 CST 2023, lastUpdateTimeNanos=2150230865500}
2023-09-02T01:42:06.373+08:00  INFO 2124 --- [ngodb.net:27017] org.mongodb.driver.cluster               : Discovered replica set primary ac-kmlffm8-shard-00-02.ytfygq2.mongodb.net:27017 with max election id 7fffffff00000000000000ac and max set version 8
2023-09-02T01:42:07.974+08:00  INFO 2124 --- [           main] d.farhan.movies.MoviesApplicationTests   : Started MoviesApplicationTests in 14.742 seconds (process running for 24.341)
]]></system-out>
  </testcase>
</testsuite>